app/build/intermediates/manifest_merge_blame_file/debug/processDebugMainManifest/manifest-merger-blame-debug-report.txt
1<?xml version="1.0" encoding="utf-8"?>
2<manifest xmlns:android="http://schemas.android.com/apk/res/android"
3    package="com.yakshagana.loka"
4    android:versionCode="1"
5    android:versionName="1.0" >
6
7    <uses-sdk
8        android:minSdkVersion="26"
9        android:targetSdkVersion="35" />
10
11    <uses-permission android:name="android.permission.POST_NOTIFICATIONS" />
11-->src\main\AndroidManifest.xml:4:5-77
11-->src\main\AndroidManifest.xml:4:22-74
12    <uses-permission android:name="android.permission.INTERNET" />
12-->src\main\AndroidManifest.xml:5:5-67
12-->src\main\AndroidManifest.xml:5:22-64
13    <uses-permission android:name="android.permission.ACCESS_NETWORK_STATE" />
13-->[androidx.media3:media3-common:1.4.1] AndroidManifest.xml:22:5-79
13-->[androidx.media3:media3-common:1.4.1] AndroidManifest.xml:22:22-76
14
15    <uses-feature
15-->[com.google.android.gms:play-services-maps:19.0.0] AndroidManifest.xml:26:5-28:35
16        android:glEsVersion="0x00020000"
16-->[com.google.android.gms:play-services-maps:19.0.0] AndroidManifest.xml:27:9-41
17        android:required="true" />
17-->[com.google.android.gms:play-services-maps:19.0.0] AndroidManifest.xml:28:9-32
18
19    <queries>
19-->[com.google.android.gms:play-services-maps:19.0.0] AndroidManifest.xml:30:5-34:15
20
21        <!-- Needs to be explicitly declared on Android R+ -->
22        <package android:name="com.google.android.apps.maps" />
22-->[com.google.android.gms:play-services-maps:19.0.0] AndroidManifest.xml:33:9-64
22-->[com.google.android.gms:play-services-maps:19.0.0] AndroidManifest.xml:33:18-61
23    </queries>
24
25    <uses-permission android:name="android.permission.WAKE_LOCK" /> <!-- Required by older versions of Google Play services to create IID tokens -->
25-->[com.google.firebase:firebase-messaging:24.0.0] AndroidManifest.xml:24:5-68
25-->[com.google.firebase:firebase-messaging:24.0.0] AndroidManifest.xml:24:22-65
26    <uses-permission android:name="com.google.android.c2dm.permission.RECEIVE" />
26-->[com.google.firebase:firebase-messaging:24.0.0] AndroidManifest.xml:26:5-82
26-->[com.google.firebase:firebase-messaging:24.0.0] AndroidManifest.xml:26:22-79
27    <uses-permission android:name="com.google.android.providers.gsf.permission.READ_GSERVICES" />
27-->[com.google.android.recaptcha:recaptcha:18.5.1] AndroidManifest.xml:9:5-98
27-->[com.google.android.recaptcha:recaptcha:18.5.1] AndroidManifest.xml:9:22-95
28    <uses-permission android:name="android.permission.RECEIVE_BOOT_COMPLETED" />
28-->[androidx.work:work-runtime:2.9.1] AndroidManifest.xml:25:5-81
28-->[androidx.work:work-runtime:2.9.1] AndroidManifest.xml:25:22-78
29    <uses-permission android:name="android.permission.FOREGROUND_SERVICE" />
29-->[androidx.work:work-runtime:2.9.1] AndroidManifest.xml:26:5-77
29-->[androidx.work:work-runtime:2.9.1] AndroidManifest.xml:26:22-74
30
31    <permission
31-->[androidx.core:core:1.13.1] AndroidManifest.xml:22:5-24:47
32        android:name="com.yakshagana.loka.DYNAMIC_RECEIVER_NOT_EXPORTED_PERMISSION"
32-->[androidx.core:core:1.13.1] AndroidManifest.xml:23:9-81
33        android:protectionLevel="signature" />
33-->[androidx.core:core:1.13.1] AndroidManifest.xml:24:9-44
34
35    <uses-permission android:name="com.yakshagana.loka.DYNAMIC_RECEIVER_NOT_EXPORTED_PERMISSION" />
35-->[androidx.core:core:1.13.1] AndroidManifest.xml:26:5-97
35-->[androidx.core:core:1.13.1] AndroidManifest.xml:26:22-94
36
37    <supports-screens
37-->[org.osmdroid:osmdroid-android:6.1.20] AndroidManifest.xml:9:5-12:40
38        android:anyDensity="true"
38-->[org.osmdroid:osmdroid-android:6.1.20] AndroidManifest.xml:10:9-34
39        android:largeScreens="true"
39-->[org.osmdroid:osmdroid-android:6.1.20] AndroidManifest.xml:11:9-36
40        android:normalScreens="true" />
40-->[org.osmdroid:osmdroid-android:6.1.20] AndroidManifest.xml:12:9-37
41
42    <uses-feature
42-->[org.osmdroid:osmdroid-android:6.1.20] AndroidManifest.xml:14:5-16:36
43        android:name="android.hardware.location.network"
43-->[org.osmdroid:osmdroid-android:6.1.20] AndroidManifest.xml:15:9-57
44        android:required="false" />
44-->[org.osmdroid:osmdroid-android:6.1.20] AndroidManifest.xml:16:9-33
45    <uses-feature
45-->[org.osmdroid:osmdroid-android:6.1.20] AndroidManifest.xml:17:5-19:36
46        android:name="android.hardware.location.gps"
46-->[org.osmdroid:osmdroid-android:6.1.20] AndroidManifest.xml:18:9-53
47        android:required="false" />
47-->[org.osmdroid:osmdroid-android:6.1.20] AndroidManifest.xml:19:9-33
48    <uses-feature
48-->[org.osmdroid:osmdroid-android:6.1.20] AndroidManifest.xml:20:5-22:36
49        android:name="android.hardware.telephony"
49-->[org.osmdroid:osmdroid-android:6.1.20] AndroidManifest.xml:21:9-50
50        android:required="false" />
50-->[org.osmdroid:osmdroid-android:6.1.20] AndroidManifest.xml:22:9-33
51    <uses-feature
51-->[org.osmdroid:osmdroid-android:6.1.20] AndroidManifest.xml:23:5-25:36
52        android:name="android.hardware.wifi"
52-->[org.osmdroid:osmdroid-android:6.1.20] AndroidManifest.xml:24:9-45
53        android:required="false" />
53-->[org.osmdroid:osmdroid-android:6.1.20] AndroidManifest.xml:25:9-33
54
55    <application
55-->src\main\AndroidManifest.xml:7:5-41:19
56        android:name="com.yakshagana.loka.YakshaganaApp"
56-->src\main\AndroidManifest.xml:8:9-38
57        android:allowBackup="true"
57-->src\main\AndroidManifest.xml:9:9-35
58        android:appComponentFactory="androidx.core.app.CoreComponentFactory"
58-->[androidx.core:core:1.13.1] AndroidManifest.xml:28:18-86
59        android:debuggable="true"
60        android:extractNativeLibs="false"
61        android:icon="@android:drawable/sym_def_app_icon"
61-->src\main\AndroidManifest.xml:10:9-58
62        android:label="@string/app_name"
62-->src\main\AndroidManifest.xml:11:9-41
63        android:supportsRtl="true"
63-->src\main\AndroidManifest.xml:12:9-35
64        android:testOnly="true"
65        android:theme="@style/Theme.YakshaganaLoka" >
65-->src\main\AndroidManifest.xml:13:9-52
66        <meta-data
66-->src\main\AndroidManifest.xml:15:9-17:49
67            android:name="com.google.android.geo.API_KEY"
67-->src\main\AndroidManifest.xml:16:13-58
68            android:value="YOUR_MAPS_API_KEY" />
68-->src\main\AndroidManifest.xml:17:13-46
69
70        <activity
70-->src\main\AndroidManifest.xml:19:9-26:20
71            android:name="com.yakshagana.loka.MainActivity"
71-->src\main\AndroidManifest.xml:20:13-41
72            android:exported="true" >
72-->src\main\AndroidManifest.xml:21:13-36
73            <intent-filter>
73-->src\main\AndroidManifest.xml:22:13-25:29
74                <action android:name="android.intent.action.MAIN" />
74-->src\main\AndroidManifest.xml:23:17-69
74-->src\main\AndroidManifest.xml:23:25-66
75
76                <category android:name="android.intent.category.LAUNCHER" />
76-->src\main\AndroidManifest.xml:24:17-77
76-->src\main\AndroidManifest.xml:24:27-74
77            </intent-filter>
78        </activity>
79
80        <receiver
80-->src\main\AndroidManifest.xml:28:9-30:40
81            android:name="com.yakshagana.loka.notifications.ShareEventReceiver"
81-->src\main\AndroidManifest.xml:29:13-61
82            android:exported="false" />
82-->src\main\AndroidManifest.xml:30:13-37
83
84        <provider
85            android:name="androidx.core.content.FileProvider"
85-->src\main\AndroidManifest.xml:33:13-62
86            android:authorities="com.yakshagana.loka.fileprovider"
86-->src\main\AndroidManifest.xml:34:13-64
87            android:exported="false"
87-->src\main\AndroidManifest.xml:35:13-37
88            android:grantUriPermissions="true" >
88-->src\main\AndroidManifest.xml:36:13-47
89            <meta-data
89-->src\main\AndroidManifest.xml:37:13-39:54
90                android:name="android.support.FILE_PROVIDER_PATHS"
90-->src\main\AndroidManifest.xml:38:17-67
91                android:resource="@xml/file_paths" />
91-->src\main\AndroidManifest.xml:39:17-51
92        </provider>
93
94        <activity
94-->[androidx.compose.ui:ui-tooling-android:1.6.8] AndroidManifest.xml:23:9-25:39
95            android:name="androidx.compose.ui.tooling.PreviewActivity"
95-->[androidx.compose.ui:ui-tooling-android:1.6.8] AndroidManifest.xml:24:13-71
96            android:exported="true" />
96-->[androidx.compose.ui:ui-tooling-android:1.6.8] AndroidManifest.xml:25:13-36
97        <activity
97-->[androidx.compose.ui:ui-test-manifest:1.6.8] AndroidManifest.xml:23:9-25:39
98            android:name="androidx.activity.ComponentActivity"
98-->[androidx.compose.ui:ui-test-manifest:1.6.8] AndroidManifest.xml:24:13-63
99            android:exported="true" /> <!-- Needs to be explicitly declared on P+ -->
99-->[androidx.compose.ui:ui-test-manifest:1.6.8] AndroidManifest.xml:25:13-36
100        <uses-library
100-->[com.google.android.gms:play-services-maps:19.0.0] AndroidManifest.xml:39:9-41:40
101            android:name="org.apache.http.legacy"
101-->[com.google.android.gms:play-services-maps:19.0.0] AndroidManifest.xml:40:13-50
102            android:required="false" />
102-->[com.google.android.gms:play-services-maps:19.0.0] AndroidManifest.xml:41:13-37
103
104        <service
104-->[com.google.firebase:firebase-firestore-ktx:25.1.0] AndroidManifest.xml:9:9-15:19
105            android:name="com.google.firebase.components.ComponentDiscoveryService"
105-->[com.google.firebase:firebase-firestore-ktx:25.1.0] AndroidManifest.xml:10:13-84
106            android:directBootAware="true"
106-->[com.google.firebase:firebase-common:21.0.0] AndroidManifest.xml:32:13-43
107            android:exported="false" >
107-->[com.google.firebase:firebase-firestore-ktx:25.1.0] AndroidManifest.xml:11:13-37
108            <meta-data
108-->[com.google.firebase:firebase-firestore-ktx:25.1.0] AndroidManifest.xml:12:13-14:85
109                android:name="com.google.firebase.components:com.google.firebase.firestore.ktx.FirebaseFirestoreLegacyRegistrar"
109-->[com.google.firebase:firebase-firestore-ktx:25.1.0] AndroidManifest.xml:13:17-129
110                android:value="com.google.firebase.components.ComponentRegistrar" />
110-->[com.google.firebase:firebase-firestore-ktx:25.1.0] AndroidManifest.xml:14:17-82
111            <meta-data
111-->[com.google.firebase:firebase-firestore:25.1.0] AndroidManifest.xml:17:13-19:85
112                android:name="com.google.firebase.components:com.google.firebase.firestore.FirebaseFirestoreKtxRegistrar"
112-->[com.google.firebase:firebase-firestore:25.1.0] AndroidManifest.xml:18:17-122
113                android:value="com.google.firebase.components.ComponentRegistrar" />
113-->[com.google.firebase:firebase-firestore:25.1.0] AndroidManifest.xml:19:17-82
114            <meta-data
114-->[com.google.firebase:firebase-firestore:25.1.0] AndroidManifest.xml:20:13-22:85
115                android:name="com.google.firebase.components:com.google.firebase.firestore.FirestoreRegistrar"
115-->[com.google.firebase:firebase-firestore:25.1.0] AndroidManifest.xml:21:17-111
116                android:value="com.google.firebase.components.ComponentRegistrar" />
116-->[com.google.firebase:firebase-firestore:25.1.0] AndroidManifest.xml:22:17-82
117            <meta-data
117-->[com.google.firebase:firebase-messaging-ktx:24.0.0] AndroidManifest.xml:26:13-28:85
118                android:name="com.google.firebase.components:com.google.firebase.messaging.ktx.FirebaseMessagingLegacyRegistrar"
118-->[com.google.firebase:firebase-messaging-ktx:24.0.0] AndroidManifest.xml:27:17-129
119                android:value="com.google.firebase.components.ComponentRegistrar" />
119-->[com.google.firebase:firebase-messaging-ktx:24.0.0] AndroidManifest.xml:28:17-82
120            <meta-data
120-->[com.google.firebase:firebase-messaging:24.0.0] AndroidManifest.xml:57:13-59:85
121                android:name="com.google.firebase.components:com.google.firebase.messaging.FirebaseMessagingKtxRegistrar"
121-->[com.google.firebase:firebase-messaging:24.0.0] AndroidManifest.xml:58:17-122
122                android:value="com.google.firebase.components.ComponentRegistrar" />
122-->[com.google.firebase:firebase-messaging:24.0.0] AndroidManifest.xml:59:17-82
123            <meta-data
123-->[com.google.firebase:firebase-messaging:24.0.0] AndroidManifest.xml:60:13-62:85
124                android:name="com.google.firebase.components:com.google.firebase.messaging.FirebaseMessagingRegistrar"
124-->[com.google.firebase:firebase-messaging:24.0.0] AndroidManifest.xml:61:17-119
125                android:value="com.google.firebase.components.ComponentRegistrar" />
125-->[com.google.firebase:firebase-messaging:24.0.0] AndroidManifest.xml:62:17-82
126            <meta-data
126-->[com.google.firebase:firebase-storage-ktx:21.0.0] AndroidManifest.xml:12:13-14:85
127                android:name="com.google.firebase.components:com.google.firebase.storage.ktx.FirebaseStorageLegacyRegistrar"
127-->[com.google.firebase:firebase-storage-ktx:21.0.0] AndroidManifest.xml:13:17-125
128                android:value="com.google.firebase.components.ComponentRegistrar" />
128-->[com.google.firebase:firebase-storage-ktx:21.0.0] AndroidManifest.xml:14:17-82
129            <meta-data
129-->[com.google.firebase:firebase-storage:21.0.0] AndroidManifest.xml:30:13-32:85
130                android:name="com.google.firebase.components:com.google.firebase.storage.FirebaseStorageKtxRegistrar"
130-->[com.google.firebase:firebase-storage:21.0.0] AndroidManifest.xml:31:17-118
131                android:value="com.google.firebase.components.ComponentRegistrar" />
131-->[com.google.firebase:firebase-storage:21.0.0] AndroidManifest.xml:32:17-82
132            <meta-data
132-->[com.google.firebase:firebase-storage:21.0.0] AndroidManifest.xml:33:13-35:85
133                android:name="com.google.firebase.components:com.google.firebase.storage.StorageRegistrar"
133-->[com.google.firebase:firebase-storage:21.0.0] AndroidManifest.xml:34:17-107
134                android:value="com.google.firebase.components.ComponentRegistrar" />
134-->[com.google.firebase:firebase-storage:21.0.0] AndroidManifest.xml:35:17-82
135            <meta-data
135-->[com.google.firebase:firebase-auth-ktx:23.1.0] AndroidManifest.xml:11:13-13:85
136                android:name="com.google.firebase.components:com.google.firebase.auth.ktx.FirebaseAuthLegacyRegistrar"
136-->[com.google.firebase:firebase-auth-ktx:23.1.0] AndroidManifest.xml:12:17-119
137                android:value="com.google.firebase.components.ComponentRegistrar" />
137-->[com.google.firebase:firebase-auth-ktx:23.1.0] AndroidManifest.xml:13:17-82
138            <meta-data
138-->[com.google.firebase:firebase-auth:23.1.0] AndroidManifest.xml:69:13-71:85
139                android:name="com.google.firebase.components:com.google.firebase.auth.FirebaseAuthRegistrar"
139-->[com.google.firebase:firebase-auth:23.1.0] AndroidManifest.xml:70:17-109
140                android:value="com.google.firebase.components.ComponentRegistrar" />
140-->[com.google.firebase:firebase-auth:23.1.0] AndroidManifest.xml:71:17-82
141            <meta-data
141-->[com.google.firebase:firebase-appcheck:17.1.0] AndroidManifest.xml:25:13-27:85
142                android:name="com.google.firebase.components:com.google.firebase.appcheck.FirebaseAppCheckKtxRegistrar"
142-->[com.google.firebase:firebase-appcheck:17.1.0] AndroidManifest.xml:26:17-120
143                android:value="com.google.firebase.components.ComponentRegistrar" />
143-->[com.google.firebase:firebase-appcheck:17.1.0] AndroidManifest.xml:27:17-82
144            <meta-data
144-->[com.google.firebase:firebase-appcheck:17.1.0] AndroidManifest.xml:28:13-30:85
145                android:name="com.google.firebase.components:com.google.firebase.appcheck.FirebaseAppCheckRegistrar"
145-->[com.google.firebase:firebase-appcheck:17.1.0] AndroidManifest.xml:29:17-117
146                android:value="com.google.firebase.components.ComponentRegistrar" />
146-->[com.google.firebase:firebase-appcheck:17.1.0] AndroidManifest.xml:30:17-82
147            <meta-data
147-->[com.google.firebase:firebase-installations:17.2.0] AndroidManifest.xml:15:13-17:85
148                android:name="com.google.firebase.components:com.google.firebase.installations.FirebaseInstallationsKtxRegistrar"
148-->[com.google.firebase:firebase-installations:17.2.0] AndroidManifest.xml:16:17-130
149                android:value="com.google.firebase.components.ComponentRegistrar" />
149-->[com.google.firebase:firebase-installations:17.2.0] AndroidManifest.xml:17:17-82
150            <meta-data
150-->[com.google.firebase:firebase-installations:17.2.0] AndroidManifest.xml:18:13-20:85
151                android:name="com.google.firebase.components:com.google.firebase.installations.FirebaseInstallationsRegistrar"
151-->[com.google.firebase:firebase-installations:17.2.0] AndroidManifest.xml:19:17-127
152                android:value="com.google.firebase.components.ComponentRegistrar" />
152-->[com.google.firebase:firebase-installations:17.2.0] AndroidManifest.xml:20:17-82
153            <meta-data
153-->[com.google.firebase:firebase-common-ktx:21.0.0] AndroidManifest.xml:12:13-14:85
154                android:name="com.google.firebase.components:com.google.firebase.ktx.FirebaseCommonLegacyRegistrar"
154-->[com.google.firebase:firebase-common-ktx:21.0.0] AndroidManifest.xml:13:17-116
155                android:value="com.google.firebase.components.ComponentRegistrar" />
155-->[com.google.firebase:firebase-common-ktx:21.0.0] AndroidManifest.xml:14:17-82
156            <meta-data
156-->[com.google.firebase:firebase-common:21.0.0] AndroidManifest.xml:35:13-37:85
157                android:name="com.google.firebase.components:com.google.firebase.FirebaseCommonKtxRegistrar"
157-->[com.google.firebase:firebase-common:21.0.0] AndroidManifest.xml:36:17-109
158                android:value="com.google.firebase.components.ComponentRegistrar" />
158-->[com.google.firebase:firebase-common:21.0.0] AndroidManifest.xml:37:17-82
159            <meta-data
159-->[com.google.firebase:firebase-datatransport:18.2.0] AndroidManifest.xml:25:13-27:85
160                android:name="com.google.firebase.components:com.google.firebase.datatransport.TransportRegistrar"
160-->[com.google.firebase:firebase-datatransport:18.2.0] AndroidManifest.xml:26:17-115
161                android:value="com.google.firebase.components.ComponentRegistrar" />
161-->[com.google.firebase:firebase-datatransport:18.2.0] AndroidManifest.xml:27:17-82
162        </service>
163
164        <receiver
164-->[com.google.firebase:firebase-messaging:24.0.0] AndroidManifest.xml:29:9-40:20
165            android:name="com.google.firebase.iid.FirebaseInstanceIdReceiver"
165-->[com.google.firebase:firebase-messaging:24.0.0] AndroidManifest.xml:30:13-78
166            android:exported="true"
166-->[com.google.firebase:firebase-messaging:24.0.0] AndroidManifest.xml:31:13-36
167            android:permission="com.google.android.c2dm.permission.SEND" >
167-->[com.google.firebase:firebase-messaging:24.0.0] AndroidManifest.xml:32:13-73
168            <intent-filter>
168-->[com.google.firebase:firebase-messaging:24.0.0] AndroidManifest.xml:33:13-35:29
169                <action android:name="com.google.android.c2dm.intent.RECEIVE" />
169-->[com.google.firebase:firebase-messaging:24.0.0] AndroidManifest.xml:34:17-81
169-->[com.google.firebase:firebase-messaging:24.0.0] AndroidManifest.xml:34:25-78
170            </intent-filter>
171
172            <meta-data
172-->[com.google.firebase:firebase-messaging:24.0.0] AndroidManifest.xml:37:13-39:40
173                android:name="com.google.android.gms.cloudmessaging.FINISHED_AFTER_HANDLED"
173-->[com.google.firebase:firebase-messaging:24.0.0] AndroidManifest.xml:38:17-92
174                android:value="true" />
174-->[com.google.firebase:firebase-messaging:24.0.0] AndroidManifest.xml:39:17-37
175        </receiver>
176        <!--
177             FirebaseMessagingService performs security checks at runtime,
178             but set to not exported to explicitly avoid allowing another app to call it.
179        -->
180        <service
180-->[com.google.firebase:firebase-messaging:24.0.0] AndroidManifest.xml:46:9-53:19
181            android:name="com.google.firebase.messaging.FirebaseMessagingService"
181-->[com.google.firebase:firebase-messaging:24.0.0] AndroidManifest.xml:47:13-82
182            android:directBootAware="true"
182-->[com.google.firebase:firebase-messaging:24.0.0] AndroidManifest.xml:48:13-43
183            android:exported="false" >
183-->[com.google.firebase:firebase-messaging:24.0.0] AndroidManifest.xml:49:13-37
184            <intent-filter android:priority="-500" >
184-->[com.google.firebase:firebase-messaging:24.0.0] AndroidManifest.xml:50:13-52:29
184-->[com.google.firebase:firebase-messaging:24.0.0] AndroidManifest.xml:50:28-51
185                <action android:name="com.google.firebase.MESSAGING_EVENT" />
185-->[com.google.firebase:firebase-messaging:24.0.0] AndroidManifest.xml:51:17-78
185-->[com.google.firebase:firebase-messaging:24.0.0] AndroidManifest.xml:51:25-75
186            </intent-filter>
187        </service>
188
189        <activity
189-->[com.google.firebase:firebase-auth:23.1.0] AndroidManifest.xml:29:9-46:20
190            android:name="com.google.firebase.auth.internal.GenericIdpActivity"
190-->[com.google.firebase:firebase-auth:23.1.0] AndroidManifest.xml:30:13-80
191            android:excludeFromRecents="true"
191-->[com.google.firebase:firebase-auth:23.1.0] AndroidManifest.xml:31:13-46
192            android:exported="true"
192-->[com.google.firebase:firebase-auth:23.1.0] AndroidManifest.xml:32:13-36
193            android:launchMode="singleTask"
193-->[com.google.firebase:firebase-auth:23.1.0] AndroidManifest.xml:33:13-44
194            android:theme="@android:style/Theme.Translucent.NoTitleBar" >
194-->[com.google.firebase:firebase-auth:23.1.0] AndroidManifest.xml:34:13-72
195            <intent-filter>
195-->[com.google.firebase:firebase-auth:23.1.0] AndroidManifest.xml:35:13-45:29
196                <action android:name="android.intent.action.VIEW" />
196-->[com.google.firebase:firebase-auth:23.1.0] AndroidManifest.xml:36:17-69
196-->[com.google.firebase:firebase-auth:23.1.0] AndroidManifest.xml:36:25-66
197
198                <category android:name="android.intent.category.DEFAULT" />
198-->[com.google.firebase:firebase-auth:23.1.0] AndroidManifest.xml:38:17-76
198-->[com.google.firebase:firebase-auth:23.1.0] AndroidManifest.xml:38:27-73
199                <category android:name="android.intent.category.BROWSABLE" />
199-->[com.google.firebase:firebase-auth:23.1.0] AndroidManifest.xml:39:17-78
199-->[com.google.firebase:firebase-auth:23.1.0] AndroidManifest.xml:39:27-75
200
201                <data
201-->[com.google.firebase:firebase-auth:23.1.0] AndroidManifest.xml:41:17-44:51
202                    android:host="firebase.auth"
202-->[com.google.firebase:firebase-auth:23.1.0] AndroidManifest.xml:42:21-49
203                    android:path="/"
203-->[com.google.firebase:firebase-auth:23.1.0] AndroidManifest.xml:43:21-37
204                    android:scheme="genericidp" />
204-->[com.google.firebase:firebase-auth:23.1.0] AndroidManifest.xml:44:21-48
205            </intent-filter>
206        </activity>
207        <activity
207-->[com.google.firebase:firebase-auth:23.1.0] AndroidManifest.xml:47:9-64:20
208            android:name="com.google.firebase.auth.internal.RecaptchaActivity"
208-->[com.google.firebase:firebase-auth:23.1.0] AndroidManifest.xml:48:13-79
209            android:excludeFromRecents="true"
209-->[com.google.firebase:firebase-auth:23.1.0] AndroidManifest.xml:49:13-46
210            android:exported="true"
210-->[com.google.firebase:firebase-auth:23.1.0] AndroidManifest.xml:50:13-36
211            android:launchMode="singleTask"
211-->[com.google.firebase:firebase-auth:23.1.0] AndroidManifest.xml:51:13-44
212            android:theme="@android:style/Theme.Translucent.NoTitleBar" >
212-->[com.google.firebase:firebase-auth:23.1.0] AndroidManifest.xml:52:13-72
213            <intent-filter>
213-->[com.google.firebase:firebase-auth:23.1.0] AndroidManifest.xml:53:13-63:29
214                <action android:name="android.intent.action.VIEW" />
214-->[com.google.firebase:firebase-auth:23.1.0] AndroidManifest.xml:36:17-69
214-->[com.google.firebase:firebase-auth:23.1.0] AndroidManifest.xml:36:25-66
215
216                <category android:name="android.intent.category.DEFAULT" />
216-->[com.google.firebase:firebase-auth:23.1.0] AndroidManifest.xml:38:17-76
216-->[com.google.firebase:firebase-auth:23.1.0] AndroidManifest.xml:38:27-73
217                <category android:name="android.intent.category.BROWSABLE" />
217-->[com.google.firebase:firebase-auth:23.1.0] AndroidManifest.xml:39:17-78
217-->[com.google.firebase:firebase-auth:23.1.0] AndroidManifest.xml:39:27-75
218
219                <data
219-->[com.google.firebase:firebase-auth:23.1.0] AndroidManifest.xml:41:17-44:51
220                    android:host="firebase.auth"
220-->[com.google.firebase:firebase-auth:23.1.0] AndroidManifest.xml:42:21-49
221                    android:path="/"
221-->[com.google.firebase:firebase-auth:23.1.0] AndroidManifest.xml:43:21-37
222                    android:scheme="recaptcha" />
222-->[com.google.firebase:firebase-auth:23.1.0] AndroidManifest.xml:44:21-48
223            </intent-filter>
224        </activity>
225
226        <service
226-->[androidx.credentials:credentials-play-services-auth:1.2.0-rc01] AndroidManifest.xml:24:9-32:19
227            android:name="androidx.credentials.playservices.CredentialProviderMetadataHolder"
227-->[androidx.credentials:credentials-play-services-auth:1.2.0-rc01] AndroidManifest.xml:25:13-94
228            android:enabled="true"
228-->[androidx.credentials:credentials-play-services-auth:1.2.0-rc01] AndroidManifest.xml:26:13-35
229            android:exported="false" >
229-->[androidx.credentials:credentials-play-services-auth:1.2.0-rc01] AndroidManifest.xml:27:13-37
230            <meta-data
230-->[androidx.credentials:credentials-play-services-auth:1.2.0-rc01] AndroidManifest.xml:29:13-31:104
231                android:name="androidx.credentials.CREDENTIAL_PROVIDER_KEY"
231-->[androidx.credentials:credentials-play-services-auth:1.2.0-rc01] AndroidManifest.xml:30:17-76
232                android:value="androidx.credentials.playservices.CredentialProviderPlayServicesImpl" />
232-->[androidx.credentials:credentials-play-services-auth:1.2.0-rc01] AndroidManifest.xml:31:17-101
233        </service>
234
235        <activity
235-->[androidx.credentials:credentials-play-services-auth:1.2.0-rc01] AndroidManifest.xml:34:9-41:20
236            android:name="androidx.credentials.playservices.HiddenActivity"
236-->[androidx.credentials:credentials-play-services-auth:1.2.0-rc01] AndroidManifest.xml:35:13-76
237            android:configChanges="orientation|screenSize|screenLayout|keyboardHidden"
237-->[androidx.credentials:credentials-play-services-auth:1.2.0-rc01] AndroidManifest.xml:36:13-87
238            android:enabled="true"
238-->[androidx.credentials:credentials-play-services-auth:1.2.0-rc01] AndroidManifest.xml:37:13-35
239            android:exported="false"
239-->[androidx.credentials:credentials-play-services-auth:1.2.0-rc01] AndroidManifest.xml:38:13-37
240            android:fitsSystemWindows="true"
240-->[androidx.credentials:credentials-play-services-auth:1.2.0-rc01] AndroidManifest.xml:39:13-45
241            android:theme="@style/Theme.Hidden" >
241-->[androidx.credentials:credentials-play-services-auth:1.2.0-rc01] AndroidManifest.xml:40:13-48
242        </activity>
243        <activity
243-->[com.google.android.gms:play-services-auth:20.7.0] AndroidManifest.xml:23:9-27:75
244            android:name="com.google.android.gms.auth.api.signin.internal.SignInHubActivity"
244-->[com.google.android.gms:play-services-auth:20.7.0] AndroidManifest.xml:24:13-93
245            android:excludeFromRecents="true"
245-->[com.google.android.gms:play-services-auth:20.7.0] AndroidManifest.xml:25:13-46
246            android:exported="false"
246-->[com.google.android.gms:play-services-auth:20.7.0] AndroidManifest.xml:26:13-37
247            android:theme="@android:style/Theme.Translucent.NoTitleBar" />
247-->[com.google.android.gms:play-services-auth:20.7.0] AndroidManifest.xml:27:13-72
248        <!--
249            Service handling Google Sign-In user revocation. For apps that do not integrate with
250            Google Sign-In, this service will never be started.
251        -->
252        <service
252-->[com.google.android.gms:play-services-auth:20.7.0] AndroidManifest.xml:33:9-37:51
253            android:name="com.google.android.gms.auth.api.signin.RevocationBoundService"
253-->[com.google.android.gms:play-services-auth:20.7.0] AndroidManifest.xml:34:13-89
254            android:exported="true"
254-->[com.google.android.gms:play-services-auth:20.7.0] AndroidManifest.xml:35:13-36
255            android:permission="com.google.android.gms.auth.api.signin.permission.REVOCATION_NOTIFICATION"
255-->[com.google.android.gms:play-services-auth:20.7.0] AndroidManifest.xml:36:13-107
256            android:visibleToInstantApps="true" />
256-->[com.google.android.gms:play-services-auth:20.7.0] AndroidManifest.xml:37:13-48
257
258        <activity
258-->[com.google.android.gms:play-services-base:18.5.0] AndroidManifest.xml:5:9-173
259            android:name="com.google.android.gms.common.api.GoogleApiActivity"
259-->[com.google.android.gms:play-services-base:18.5.0] AndroidManifest.xml:5:19-85
260            android:exported="false"
260-->[com.google.android.gms:play-services-base:18.5.0] AndroidManifest.xml:5:146-170
261            android:theme="@android:style/Theme.Translucent.NoTitleBar" />